<?xml version="1.0" encoding="UTF-8"?>
<testsuites name="Mocha Tests" time="13.9040" tests="2" failures="0">
  <testsuite name="Root Suite" timestamp="2020-02-16T15:37:39" tests="0" file="cypress\integration\GeorgeLogin.feature" time="0.0000" failures="0">
  </testsuite>
  <testsuite name="George Login" timestamp="2020-02-16T15:37:39" tests="2" time="13.9040" failures="0">
    <testcase name="George Login Try to login with invalid credentials" time="9.8240" classname="Try to login with invalid credentials">
    </testcase>
    <testcase name="George Login Try to login with no credentials" time="4.0800" classname="Try to login with no credentials">
    </testcase>
  </testsuite>
</testsuites>