# JRE version: Java(TM) SE Runtime Environment (8.0_171-b11) (build 1.8.0_171-b11)
# Java VM: Java HotSpot(TM) Client VM (25.171-b11 mixed mode, sharing windows-x86 )
Heap:
 def new generation   total 4928K, used 3384K [0x03a00000, 0x03f50000, 0x08f50000)
  eden space 4416K,  65% used [0x03a00000, 0x03cce188, 0x03e50000)
  from space 512K, 100% used [0x03ed0000, 0x03f50000, 0x03f50000)
  to   space 512K,   0% used [0x03e50000, 0x03e50000, 0x03ed0000)
 tenured generation   total 10944K, used 2180K [0x08f50000, 0x09a00000, 0x13a00000)
   the space 10944K,  19% used [0x08f50000, 0x091713f0, 0x09171400, 0x09a00000)
 Metaspace       used 2833K, capacity 3458K, committed 3520K, reserved 4480K
GC Heap History (6 events):
Event: 0.422 GC heap before
{Heap before GC invocations=0 (full 0):
 def new generation   total 4928K, used 4416K [0x03a00000, 0x03f50000, 0x08f50000)
  eden space 4416K, 100% used [0x03a00000, 0x03e50000, 0x03e50000)
  from space 512K,   0% used [0x03e50000, 0x03e50000, 0x03ed0000)
  to   space 512K,   0% used [0x03ed0000, 0x03ed0000, 0x03f50000)
 tenured generation   total 10944K, used 0K [0x08f50000, 0x09a00000, 0x13a00000)
   the space 10944K,   0% used [0x08f50000, 0x08f50000, 0x08f50200, 0x09a00000)
 Metaspace       used 1442K, capacity 2425K, committed 2496K, reserved 4480K
Event: 0.428 GC heap after
Heap after GC invocations=1 (full 0):
 def new generation   total 4928K, used 512K [0x03a00000, 0x03f50000, 0x08f50000)
  eden space 4416K,   0% used [0x03a00000, 0x03a00000, 0x03e50000)
  from space 512K, 100% used [0x03ed0000, 0x03f50000, 0x03f50000)
  to   space 512K,   0% used [0x03e50000, 0x03e50000, 0x03ed0000)
 tenured generation   total 10944K, used 802K [0x08f50000, 0x09a00000, 0x13a00000)
   the space 10944K,   7% used [0x08f50000, 0x09018bc8, 0x09018c00, 0x09a00000)
 Metaspace       used 1442K, capacity 2425K, committed 2496K, reserved 4480K
}
Event: 0.538 GC heap before
{Heap before GC invocations=1 (full 0):
 def new generation   total 4928K, used 4928K [0x03a00000, 0x03f50000, 0x08f50000)
  eden space 4416K, 100% used [0x03a00000, 0x03e50000, 0x03e50000)
  from space 512K, 100% used [0x03ed0000, 0x03f50000, 0x03f50000)
  to   space 512K,   0% used [0x03e50000, 0x03e50000, 0x03ed0000)
 tenured generation   total 10944K, used 802K [0x08f50000, 0x09a00000, 0x13a00000)
   the space 10944K,   7% used [0x08f50000, 0x09018bc8, 0x09018c00, 0x09a00000)
 Metaspace       used 2169K, capacity 2870K, committed 2880K, reserved 4480K
Event: 0.542 GC heap after
Heap after GC invocations=2 (full 0):
 def new generation   total 4928K, used 512K [0x03a00000, 0x03f50000, 0x08f50000)
  eden space 4416K,   0% used [0x03a00000, 0x03a00000, 0x03e50000)
  from space 512K, 100% used [0x03e50000, 0x03ed0000, 0x03ed0000)
  to   space 512K,   0% used [0x03ed0000, 0x03ed0000, 0x03f50000)
 tenured generation   total 10944K, used 1589K [0x08f50000, 0x09a00000, 0x13a00000)
   the space 10944K,  14% used [0x08f50000, 0x090dd668, 0x090dd800, 0x09a00000)
 Metaspace       used 2169K, capacity 2870K, committed 2880K, reserved 4480K
}
Event: 0.621 GC heap before
{Heap before GC invocations=2 (full 0):
 def new generation   total 4928K, used 4928K [0x03a00000, 0x03f50000, 0x08f50000)
  eden space 4416K, 100% used [0x03a00000, 0x03e50000, 0x03e50000)
  from space 512K, 100% used [0x03e50000, 0x03ed0000, 0x03ed0000)
  to   space 512K,   0% used [0x03ed0000, 0x03ed0000, 0x03f50000)
 tenured generation   total 10944K, used 1589K [0x08f50000, 0x09a00000, 0x13a00000)
   the space 10944K,  14% used [0x08f50000, 0x090dd668, 0x090dd800, 0x09a00000)
 Metaspace       used 2616K, capacity 3244K, committed 3264K, reserved 4480K
Event: 0.624 GC heap after
Heap after GC invocations=3 (full 0):
 def new generation   total 4928K, used 512K [0x03a00000, 0x03f50000, 0x08f50000)
  eden space 4416K,   0% used [0x03a00000, 0x03a00000, 0x03e50000)
  from space 512K, 100% used [0x03ed0000, 0x03f50000, 0x03f50000)
  to   space 512K,   0% used [0x03e50000, 0x03e50000, 0x03ed0000)
 tenured generation   total 10944K, used 2180K [0x08f50000, 0x09a00000, 0x13a00000)
   the space 10944K,  19% used [0x08f50000, 0x091713f0, 0x09171400, 0x09a00000)
 Metaspace       used 2616K, capacity 3244K, committed 3264K, reserved 4480K
}

