# JRE version: Java(TM) SE Runtime Environment (8.0_171-b11) (build 1.8.0_171-b11)
# Java VM: Java HotSpot(TM) Client VM (25.171-b11 mixed mode windows-x86 )
Heap:
 def new generation   total 11520K, used 927K [0x03e00000, 0x04a80000, 0x09350000)
  eden space 10240K,   0% used [0x03e00000, 0x03e00000, 0x04800000)
  from space 1280K,  72% used [0x04800000, 0x048e7c40, 0x04940000)
  to   space 1280K,   0% used [0x04940000, 0x04940000, 0x04a80000)
 tenured generation   total 26524K, used 26456K [0x09350000, 0x0ad37000, 0x13e00000)
   the space 26524K,  99% used [0x09350000, 0x0ad262e0, 0x0ad26400, 0x0ad37000)
 Metaspace       used 27895K, capacity 28180K, committed 28288K, reserved 29056K
GC Heap History (10 events):
Event: 5.768 GC heap after
Heap after GC invocations=68 (full 2):
 def new generation   total 11520K, used 956K [0x03e00000, 0x04a80000, 0x09350000)
  eden space 10240K,   0% used [0x03e00000, 0x03e00000, 0x04800000)
  from space 1280K,  74% used [0x04940000, 0x04a2f3f8, 0x04a80000)
  to   space 1280K,   0% used [0x04800000, 0x04800000, 0x04940000)
 tenured generation   total 25500K, used 23949K [0x09350000, 0x0ac37000, 0x13e00000)
   the space 25500K,  93% used [0x09350000, 0x0aab3580, 0x0aab3600, 0x0ac37000)
 Metaspace       used 26341K, capacity 26605K, committed 26752K, reserved 27008K
}
Event: 5.844 GC heap before
{Heap before GC invocations=68 (full 2):
 def new generation   total 11520K, used 11196K [0x03e00000, 0x04a80000, 0x09350000)
  eden space 10240K, 100% used [0x03e00000, 0x04800000, 0x04800000)
  from space 1280K,  74% used [0x04940000, 0x04a2f3f8, 0x04a80000)
  to   space 1280K,   0% used [0x04800000, 0x04800000, 0x04940000)
 tenured generation   total 25500K, used 23949K [0x09350000, 0x0ac37000, 0x13e00000)
   the space 25500K,  93% used [0x09350000, 0x0aab3580, 0x0aab3600, 0x0ac37000)
 Metaspace       used 26511K, capacity 26765K, committed 26880K, reserved 27008K
Event: 5.850 GC heap after
Heap after GC invocations=69 (full 2):
 def new generation   total 11520K, used 1033K [0x03e00000, 0x04a80000, 0x09350000)
  eden space 10240K,   0% used [0x03e00000, 0x03e00000, 0x04800000)
  from space 1280K,  80% used [0x04800000, 0x049027a8, 0x04940000)
  to   space 1280K,   0% used [0x04940000, 0x04940000, 0x04a80000)
 tenured generation   total 25500K, used 24408K [0x09350000, 0x0ac37000, 0x13e00000)
   the space 25500K,  95% used [0x09350000, 0x0ab263f0, 0x0ab26400, 0x0ac37000)
 Metaspace       used 26511K, capacity 26765K, committed 26880K, reserved 27008K
}
Event: 5.939 GC heap before
{Heap before GC invocations=69 (full 2):
 def new generation   total 11520K, used 11273K [0x03e00000, 0x04a80000, 0x09350000)
  eden space 10240K, 100% used [0x03e00000, 0x04800000, 0x04800000)
  from space 1280K,  80% used [0x04800000, 0x049027a8, 0x04940000)
  to   space 1280K,   0% used [0x04940000, 0x04940000, 0x04a80000)
 tenured generation   total 25500K, used 24408K [0x09350000, 0x0ac37000, 0x13e00000)
   the space 25500K,  95% used [0x09350000, 0x0ab263f0, 0x0ab26400, 0x0ac37000)
 Metaspace       used 26786K, capacity 27055K, committed 27264K, reserved 28032K
Event: 5.945 GC heap after
Heap after GC invocations=70 (full 2):
 def new generation   total 11520K, used 697K [0x03e00000, 0x04a80000, 0x09350000)
  eden space 10240K,   0% used [0x03e00000, 0x03e00000, 0x04800000)
  from space 1280K,  54% used [0x04940000, 0x049ee4a0, 0x04a80000)
  to   space 1280K,   0% used [0x04800000, 0x04800000, 0x04940000)
 tenured generation   total 25500K, used 25208K [0x09350000, 0x0ac37000, 0x13e00000)
   the space 25500K,  98% used [0x09350000, 0x0abee260, 0x0abee400, 0x0ac37000)
 Metaspace       used 26786K, capacity 27055K, committed 27264K, reserved 28032K
}
Event: 6.038 GC heap before
{Heap before GC invocations=70 (full 2):
 def new generation   total 11520K, used 10937K [0x03e00000, 0x04a80000, 0x09350000)
  eden space 10240K, 100% used [0x03e00000, 0x04800000, 0x04800000)
  from space 1280K,  54% used [0x04940000, 0x049ee4a0, 0x04a80000)
  to   space 1280K,   0% used [0x04800000, 0x04800000, 0x04940000)
 tenured generation   total 25500K, used 25208K [0x09350000, 0x0ac37000, 0x13e00000)
   the space 25500K,  98% used [0x09350000, 0x0abee260, 0x0abee400, 0x0ac37000)
 Metaspace       used 26864K, capacity 27122K, committed 27264K, reserved 28032K
Event: 6.042 GC heap after
Heap after GC invocations=71 (full 2):
 def new generation   total 11520K, used 485K [0x03e00000, 0x04a80000, 0x09350000)
  eden space 10240K,   0% used [0x03e00000, 0x03e00000, 0x04800000)
  from space 1280K,  37% used [0x04800000, 0x04879660, 0x04940000)
  to   space 1280K,   0% used [0x04940000, 0x04940000, 0x04a80000)
 tenured generation   total 25500K, used 25471K [0x09350000, 0x0ac37000, 0x13e00000)
   the space 25500K,  99% used [0x09350000, 0x0ac2fdc0, 0x0ac2fe00, 0x0ac37000)
 Metaspace       used 26864K, capacity 27122K, committed 27264K, reserved 28032K
}
Event: 6.119 GC heap before
{Heap before GC invocations=71 (full 2):
 def new generation   total 11520K, used 10725K [0x03e00000, 0x04a80000, 0x09350000)
  eden space 10240K, 100% used [0x03e00000, 0x04800000, 0x04800000)
  from space 1280K,  37% used [0x04800000, 0x04879660, 0x04940000)
  to   space 1280K,   0% used [0x04940000, 0x04940000, 0x04a80000)
 tenured generation   total 25500K, used 25471K [0x09350000, 0x0ac37000, 0x13e00000)
   the space 25500K,  99% used [0x09350000, 0x0ac2fdc0, 0x0ac2fe00, 0x0ac37000)
 Metaspace       used 26964K, capacity 27250K, committed 27392K, reserved 28032K
Event: 6.126 GC heap after
Heap after GC invocations=72 (full 2):
 def new generation   total 11520K, used 1158K [0x03e00000, 0x04a80000, 0x09350000)
  eden space 10240K,   0% used [0x03e00000, 0x03e00000, 0x04800000)
  from space 1280K,  90% used [0x04940000, 0x04a61b50, 0x04a80000)
  to   space 1280K,   0% used [0x04800000, 0x04800000, 0x04940000)
 tenured generation   total 25500K, used 25471K [0x09350000, 0x0ac37000, 0x13e00000)
   the space 25500K,  99% used [0x09350000, 0x0ac2fdc0, 0x0ac2fe00, 0x0ac37000)
 Metaspace       used 26964K, capacity 27250K, committed 27392K, reserved 28032K
}
Event: 6.248 GC heap before
{Heap before GC invocations=72 (full 2):
 def new generation   total 11520K, used 11398K [0x03e00000, 0x04a80000, 0x09350000)
  eden space 10240K, 100% used [0x03e00000, 0x04800000, 0x04800000)
  from space 1280K,  90% used [0x04940000, 0x04a61b50, 0x04a80000)
  to   space 1280K,   0% used [0x04800000, 0x04800000, 0x04940000)
 tenured generation   total 25500K, used 25471K [0x09350000, 0x0ac37000, 0x13e00000)
   the space 25500K,  99% used [0x09350000, 0x0ac2fdc0, 0x0ac2fe00, 0x0ac37000)
 Metaspace       used 27895K, capacity 28180K, committed 28288K, reserved 29056K

