# JRE version: Java(TM) SE Runtime Environment (8.0_171-b11) (build 1.8.0_171-b11)
# Java VM: Java HotSpot(TM) Client VM (25.171-b11 mixed mode, sharing windows-x86 )
Heap:
 def new generation   total 12032K, used 1144K [0x03c00000, 0x04900000, 0x09150000)
  eden space 10752K,   0% used [0x03c00000, 0x03c00000, 0x04680000)
  from space 1280K,  89% used [0x047c0000, 0x048de078, 0x04900000)
  to   space 1280K,   0% used [0x04680000, 0x04680000, 0x047c0000)
 tenured generation   total 26712K, used 26710K [0x09150000, 0x0ab66000, 0x13c00000)
   the space 26712K,  99% used [0x09150000, 0x0ab65b68, 0x0a608400, 0x0ab66000)
 Metaspace       used 23738K, capacity 24663K, committed 24704K, reserved 24960K
GC Heap History (10 events):
Event: 5.420 GC heap after
Heap after GC invocations=75 (full 2):
 def new generation   total 12032K, used 776K [0x03c00000, 0x04900000, 0x09150000)
  eden space 10752K,   0% used [0x03c00000, 0x03c00000, 0x04680000)
  from space 1280K,  60% used [0x04680000, 0x04742330, 0x047c0000)
  to   space 1280K,   0% used [0x047c0000, 0x047c0000, 0x04900000)
 tenured generation   total 26584K, used 24443K [0x09150000, 0x0ab46000, 0x13c00000)
   the space 26584K,  91% used [0x09150000, 0x0a92ee48, 0x0a92f000, 0x0ab46000)
 Metaspace       used 22119K, capacity 22995K, committed 23040K, reserved 23936K
}
Event: 5.517 GC heap before
{Heap before GC invocations=75 (full 2):
 def new generation   total 12032K, used 11528K [0x03c00000, 0x04900000, 0x09150000)
  eden space 10752K, 100% used [0x03c00000, 0x04680000, 0x04680000)
  from space 1280K,  60% used [0x04680000, 0x04742330, 0x047c0000)
  to   space 1280K,   0% used [0x047c0000, 0x047c0000, 0x04900000)
 tenured generation   total 26584K, used 24443K [0x09150000, 0x0ab46000, 0x13c00000)
   the space 26584K,  91% used [0x09150000, 0x0a92ee48, 0x0a92f000, 0x0ab46000)
 Metaspace       used 22523K, capacity 23419K, committed 23552K, reserved 23936K
Event: 5.523 GC heap after
Heap after GC invocations=76 (full 2):
 def new generation   total 12032K, used 1029K [0x03c00000, 0x04900000, 0x09150000)
  eden space 10752K,   0% used [0x03c00000, 0x03c00000, 0x04680000)
  from space 1280K,  80% used [0x047c0000, 0x048c16a8, 0x04900000)
  to   space 1280K,   0% used [0x04680000, 0x04680000, 0x047c0000)
 tenured generation   total 26584K, used 25104K [0x09150000, 0x0ab46000, 0x13c00000)
   the space 26584K,  94% used [0x09150000, 0x0a9d4000, 0x0a9d4000, 0x0ab46000)
 Metaspace       used 22523K, capacity 23419K, committed 23552K, reserved 23936K
}
Event: 5.646 GC heap before
{Heap before GC invocations=76 (full 2):
 def new generation   total 12032K, used 11781K [0x03c00000, 0x04900000, 0x09150000)
  eden space 10752K, 100% used [0x03c00000, 0x04680000, 0x04680000)
  from space 1280K,  80% used [0x047c0000, 0x048c16a8, 0x04900000)
  to   space 1280K,   0% used [0x04680000, 0x04680000, 0x047c0000)
 tenured generation   total 26584K, used 25104K [0x09150000, 0x0ab46000, 0x13c00000)
   the space 26584K,  94% used [0x09150000, 0x0a9d4000, 0x0a9d4000, 0x0ab46000)
 Metaspace       used 22747K, capacity 23648K, committed 23680K, reserved 23936K
Event: 5.651 GC heap after
Heap after GC invocations=77 (full 2):
 def new generation   total 12032K, used 657K [0x03c00000, 0x04900000, 0x09150000)
  eden space 10752K,   0% used [0x03c00000, 0x03c00000, 0x04680000)
  from space 1280K,  51% used [0x04680000, 0x047246b8, 0x047c0000)
  to   space 1280K,   0% used [0x047c0000, 0x047c0000, 0x04900000)
 tenured generation   total 26584K, used 25595K [0x09150000, 0x0ab46000, 0x13c00000)
   the space 26584K,  96% used [0x09150000, 0x0aa4ee78, 0x0aa4f000, 0x0ab46000)
 Metaspace       used 22747K, capacity 23648K, committed 23680K, reserved 23936K
}
Event: 5.727 GC heap before
{Heap before GC invocations=77 (full 2):
 def new generation   total 12032K, used 11409K [0x03c00000, 0x04900000, 0x09150000)
  eden space 10752K, 100% used [0x03c00000, 0x04680000, 0x04680000)
  from space 1280K,  51% used [0x04680000, 0x047246b8, 0x047c0000)
  to   space 1280K,   0% used [0x047c0000, 0x047c0000, 0x04900000)
 tenured generation   total 26584K, used 25595K [0x09150000, 0x0ab46000, 0x13c00000)
   the space 26584K,  96% used [0x09150000, 0x0aa4ee78, 0x0aa4f000, 0x0ab46000)
 Metaspace       used 22824K, capacity 23712K, committed 23808K, reserved 23936K
Event: 5.731 GC heap after
Heap after GC invocations=78 (full 2):
 def new generation   total 12032K, used 519K [0x03c00000, 0x04900000, 0x09150000)
  eden space 10752K,   0% used [0x03c00000, 0x03c00000, 0x04680000)
  from space 1280K,  40% used [0x047c0000, 0x04841e30, 0x04900000)
  to   space 1280K,   0% used [0x04680000, 0x04680000, 0x047c0000)
 tenured generation   total 26584K, used 25856K [0x09150000, 0x0ab46000, 0x13c00000)
   the space 26584K,  97% used [0x09150000, 0x0aa902c0, 0x0aa90400, 0x0ab46000)
 Metaspace       used 22824K, capacity 23712K, committed 23808K, reserved 23936K
}
Event: 5.845 GC heap before
{Heap before GC invocations=78 (full 2):
 def new generation   total 12032K, used 11271K [0x03c00000, 0x04900000, 0x09150000)
  eden space 10752K, 100% used [0x03c00000, 0x04680000, 0x04680000)
  from space 1280K,  40% used [0x047c0000, 0x04841e30, 0x04900000)
  to   space 1280K,   0% used [0x04680000, 0x04680000, 0x047c0000)
 tenured generation   total 26584K, used 25856K [0x09150000, 0x0ab46000, 0x13c00000)
   the space 26584K,  97% used [0x09150000, 0x0aa902c0, 0x0aa90400, 0x0ab46000)
 Metaspace       used 23141K, capacity 24062K, committed 24064K, reserved 24960K
Event: 5.851 GC heap after
Heap after GC invocations=79 (full 2):
 def new generation   total 12032K, used 1196K [0x03c00000, 0x04900000, 0x09150000)
  eden space 10752K,   0% used [0x03c00000, 0x03c00000, 0x04680000)
  from space 1280K,  93% used [0x04680000, 0x047ab1d0, 0x047c0000)
  to   space 1280K,   0% used [0x047c0000, 0x047c0000, 0x04900000)
 tenured generation   total 26584K, used 25856K [0x09150000, 0x0ab46000, 0x13c00000)
   the space 26584K,  97% used [0x09150000, 0x0aa902c0, 0x0aa90400, 0x0ab46000)
 Metaspace       used 23141K, capacity 24062K, committed 24064K, reserved 24960K
}
Event: 10.257 GC heap before
{Heap before GC invocations=79 (full 2):
 def new generation   total 12032K, used 11948K [0x03c00000, 0x04900000, 0x09150000)
  eden space 10752K, 100% used [0x03c00000, 0x04680000, 0x04680000)
  from space 1280K,  93% used [0x04680000, 0x047ab1d0, 0x047c0000)
  to   space 1280K,   0% used [0x047c0000, 0x047c0000, 0x04900000)
 tenured generation   total 26584K, used 25856K [0x09150000, 0x0ab46000, 0x13c00000)
   the space 26584K,  97% used [0x09150000, 0x0aa902c0, 0x0aa90400, 0x0ab46000)
 Metaspace       used 23738K, capacity 24663K, committed 24704K, reserved 24960K

