# JRE version: Java(TM) SE Runtime Environment (8.0_171-b11) (build 1.8.0_171-b11)
# Java VM: Java HotSpot(TM) Client VM (25.171-b11 mixed mode, sharing windows-x86 )
Heap:
 def new generation   total 16000K, used 14911K [0x03c00000, 0x04d50000, 0x09150000)
  eden space 14272K, 100% used [0x03c00000, 0x049f0000, 0x049f0000)
  from space 1728K,  37% used [0x049f0000, 0x04a8ff98, 0x04ba0000)
  to   space 1728K,  14% used [0x04ba0000, 0x04bdcb78, 0x04d50000)
 tenured generation   total 35360K, used 26766K [0x09150000, 0x0b3d8000, 0x13c00000)
   the space 35360K,  75% used [0x09150000, 0x0ab73ab0, 0x0ab73c00, 0x0b3d8000)
 Metaspace       used 25262K, capacity 25561K, committed 25728K, reserved 25984K
GC Heap History (10 events):
Event: 6.163 GC heap after
Heap after GC invocations=70 (full 3):
 def new generation   total 16000K, used 758K [0x03c00000, 0x04d50000, 0x09150000)
  eden space 14272K,   0% used [0x03c00000, 0x03c00000, 0x049f0000)
  from space 1728K,  43% used [0x049f0000, 0x04aadbe8, 0x04ba0000)
  to   space 1728K,   0% used [0x04ba0000, 0x04ba0000, 0x04d50000)
 tenured generation   total 35360K, used 23663K [0x09150000, 0x0b3d8000, 0x13c00000)
   the space 35360K,  66% used [0x09150000, 0x0a86bca0, 0x0a86be00, 0x0b3d8000)
 Metaspace       used 23259K, capacity 23538K, committed 23680K, reserved 23936K
}
Event: 6.268 GC heap before
{Heap before GC invocations=70 (full 3):
 def new generation   total 16000K, used 15030K [0x03c00000, 0x04d50000, 0x09150000)
  eden space 14272K, 100% used [0x03c00000, 0x049f0000, 0x049f0000)
  from space 1728K,  43% used [0x049f0000, 0x04aadbe8, 0x04ba0000)
  to   space 1728K,   0% used [0x04ba0000, 0x04ba0000, 0x04d50000)
 tenured generation   total 35360K, used 23663K [0x09150000, 0x0b3d8000, 0x13c00000)
   the space 35360K,  66% used [0x09150000, 0x0a86bca0, 0x0a86be00, 0x0b3d8000)
 Metaspace       used 23435K, capacity 23698K, committed 23936K, reserved 23936K
Event: 6.274 GC heap after
Heap after GC invocations=71 (full 3):
 def new generation   total 16000K, used 1557K [0x03c00000, 0x04d50000, 0x09150000)
  eden space 14272K,   0% used [0x03c00000, 0x03c00000, 0x049f0000)
  from space 1728K,  90% used [0x04ba0000, 0x04d25720, 0x04d50000)
  to   space 1728K,   0% used [0x049f0000, 0x049f0000, 0x04ba0000)
 tenured generation   total 35360K, used 23663K [0x09150000, 0x0b3d8000, 0x13c00000)
   the space 35360K,  66% used [0x09150000, 0x0a86bca0, 0x0a86be00, 0x0b3d8000)
 Metaspace       used 23435K, capacity 23698K, committed 23936K, reserved 23936K
}
Event: 6.421 GC heap before
{Heap before GC invocations=71 (full 3):
 def new generation   total 16000K, used 15829K [0x03c00000, 0x04d50000, 0x09150000)
  eden space 14272K, 100% used [0x03c00000, 0x049f0000, 0x049f0000)
  from space 1728K,  90% used [0x04ba0000, 0x04d25720, 0x04d50000)
  to   space 1728K,   0% used [0x049f0000, 0x049f0000, 0x04ba0000)
 tenured generation   total 35360K, used 23663K [0x09150000, 0x0b3d8000, 0x13c00000)
   the space 35360K,  66% used [0x09150000, 0x0a86bca0, 0x0a86be00, 0x0b3d8000)
 Metaspace       used 24489K, capacity 24758K, committed 24960K, reserved 24960K
Event: 6.431 GC heap after
Heap after GC invocations=72 (full 3):
 def new generation   total 16000K, used 1562K [0x03c00000, 0x04d50000, 0x09150000)
  eden space 14272K,   0% used [0x03c00000, 0x03c00000, 0x049f0000)
  from space 1728K,  90% used [0x049f0000, 0x04b76828, 0x04ba0000)
  to   space 1728K,   0% used [0x04ba0000, 0x04ba0000, 0x04d50000)
 tenured generation   total 35360K, used 25028K [0x09150000, 0x0b3d8000, 0x13c00000)
   the space 35360K,  70% used [0x09150000, 0x0a9c11c8, 0x0a9c1200, 0x0b3d8000)
 Metaspace       used 24489K, capacity 24758K, committed 24960K, reserved 24960K
}
Event: 6.538 GC heap before
{Heap before GC invocations=72 (full 3):
 def new generation   total 16000K, used 15834K [0x03c00000, 0x04d50000, 0x09150000)
  eden space 14272K, 100% used [0x03c00000, 0x049f0000, 0x049f0000)
  from space 1728K,  90% used [0x049f0000, 0x04b76828, 0x04ba0000)
  to   space 1728K,   0% used [0x04ba0000, 0x04ba0000, 0x04d50000)
 tenured generation   total 35360K, used 25028K [0x09150000, 0x0b3d8000, 0x13c00000)
   the space 35360K,  70% used [0x09150000, 0x0a9c11c8, 0x0a9c1200, 0x0b3d8000)
 Metaspace       used 24694K, capacity 24982K, committed 25216K, reserved 25984K
Event: 6.546 GC heap after
Heap after GC invocations=73 (full 3):
 def new generation   total 16000K, used 979K [0x03c00000, 0x04d50000, 0x09150000)
  eden space 14272K,   0% used [0x03c00000, 0x03c00000, 0x049f0000)
  from space 1728K,  56% used [0x04ba0000, 0x04c94d48, 0x04d50000)
  to   space 1728K,   0% used [0x049f0000, 0x049f0000, 0x04ba0000)
 tenured generation   total 35360K, used 26049K [0x09150000, 0x0b3d8000, 0x13c00000)
   the space 35360K,  73% used [0x09150000, 0x0aac05a0, 0x0aac0600, 0x0b3d8000)
 Metaspace       used 24694K, capacity 24982K, committed 25216K, reserved 25984K
}
Event: 6.637 GC heap before
{Heap before GC invocations=73 (full 3):
 def new generation   total 16000K, used 15251K [0x03c00000, 0x04d50000, 0x09150000)
  eden space 14272K, 100% used [0x03c00000, 0x049f0000, 0x049f0000)
  from space 1728K,  56% used [0x04ba0000, 0x04c94d48, 0x04d50000)
  to   space 1728K,   0% used [0x049f0000, 0x049f0000, 0x04ba0000)
 tenured generation   total 35360K, used 26049K [0x09150000, 0x0b3d8000, 0x13c00000)
   the space 35360K,  73% used [0x09150000, 0x0aac05a0, 0x0aac0600, 0x0b3d8000)
 Metaspace       used 24857K, capacity 25145K, committed 25344K, reserved 25984K
Event: 6.643 GC heap after
Heap after GC invocations=74 (full 3):
 def new generation   total 16000K, used 639K [0x03c00000, 0x04d50000, 0x09150000)
  eden space 14272K,   0% used [0x03c00000, 0x03c00000, 0x049f0000)
  from space 1728K,  37% used [0x049f0000, 0x04a8ff98, 0x04ba0000)
  to   space 1728K,   0% used [0x04ba0000, 0x04ba0000, 0x04d50000)
 tenured generation   total 35360K, used 26766K [0x09150000, 0x0b3d8000, 0x13c00000)
   the space 35360K,  75% used [0x09150000, 0x0ab73ab0, 0x0ab73c00, 0x0b3d8000)
 Metaspace       used 24857K, capacity 25145K, committed 25344K, reserved 25984K
}
Event: 6.768 GC heap before
{Heap before GC invocations=74 (full 3):
 def new generation   total 16000K, used 14911K [0x03c00000, 0x04d50000, 0x09150000)
  eden space 14272K, 100% used [0x03c00000, 0x049f0000, 0x049f0000)
  from space 1728K,  37% used [0x049f0000, 0x04a8ff98, 0x04ba0000)
  to   space 1728K,   0% used [0x04ba0000, 0x04ba0000, 0x04d50000)
 tenured generation   total 35360K, used 26766K [0x09150000, 0x0b3d8000, 0x13c00000)
   the space 35360K,  75% used [0x09150000, 0x0ab73ab0, 0x0ab73c00, 0x0b3d8000)
 Metaspace       used 25262K, capacity 25561K, committed 25728K, reserved 25984K

