# JRE version: Java(TM) SE Runtime Environment (8.0_171-b11) (build 1.8.0_171-b11)
# Java VM: Java HotSpot(TM) Client VM (25.171-b11 mixed mode windows-x86 )
Heap:
 def new generation   total 4992K, used 25K [0x03e00000, 0x04360000, 0x09350000)
  eden space 4480K,   0% used [0x03e00000, 0x03e00000, 0x04260000)
  from space 512K,   4% used [0x042e0000, 0x042e65a0, 0x04360000)
  to   space 512K,   0% used [0x04260000, 0x04260000, 0x042e0000)
 tenured generation   total 11328K, used 11204K [0x09350000, 0x09e60000, 0x13e00000)
   the space 11328K,  98% used [0x09350000, 0x09e41298, 0x09d0f600, 0x09e60000)
 Metaspace       used 15265K, capacity 15741K, committed 15872K, reserved 16768K
GC Heap History (10 events):
Event: 6.629 GC heap after
Heap after GC invocations=36 (full 1):
 def new generation   total 4992K, used 512K [0x03e00000, 0x04360000, 0x09350000)
  eden space 4480K,   0% used [0x03e00000, 0x03e00000, 0x04260000)
  from space 512K, 100% used [0x04260000, 0x042e0000, 0x042e0000)
  to   space 512K,   0% used [0x042e0000, 0x042e0000, 0x04360000)
 tenured generation   total 10944K, used 6955K [0x09350000, 0x09e00000, 0x13e00000)
   the space 10944K,  63% used [0x09350000, 0x09a1ac00, 0x09a1ac00, 0x09e00000)
 Metaspace       used 14623K, capacity 15089K, committed 15104K, reserved 15744K
}
Event: 6.751 GC heap before
{Heap before GC invocations=36 (full 1):
 def new generation   total 4992K, used 4992K [0x03e00000, 0x04360000, 0x09350000)
  eden space 4480K, 100% used [0x03e00000, 0x04260000, 0x04260000)
  from space 512K, 100% used [0x04260000, 0x042e0000, 0x042e0000)
  to   space 512K,   0% used [0x042e0000, 0x042e0000, 0x04360000)
 tenured generation   total 10944K, used 6955K [0x09350000, 0x09e00000, 0x13e00000)
   the space 10944K,  63% used [0x09350000, 0x09a1ac00, 0x09a1ac00, 0x09e00000)
 Metaspace       used 14819K, capacity 15281K, committed 15360K, reserved 15744K
Event: 6.756 GC heap after
Heap after GC invocations=37 (full 1):
 def new generation   total 4992K, used 512K [0x03e00000, 0x04360000, 0x09350000)
  eden space 4480K,   0% used [0x03e00000, 0x03e00000, 0x04260000)
  from space 512K, 100% used [0x042e0000, 0x04360000, 0x04360000)
  to   space 512K,   0% used [0x04260000, 0x04260000, 0x042e0000)
 tenured generation   total 10944K, used 8839K [0x09350000, 0x09e00000, 0x13e00000)
   the space 10944K,  80% used [0x09350000, 0x09bf1fc8, 0x09bf2000, 0x09e00000)
 Metaspace       used 14819K, capacity 15281K, committed 15360K, reserved 15744K
}
Event: 6.805 GC heap before
{Heap before GC invocations=37 (full 1):
 def new generation   total 4992K, used 4992K [0x03e00000, 0x04360000, 0x09350000)
  eden space 4480K, 100% used [0x03e00000, 0x04260000, 0x04260000)
  from space 512K, 100% used [0x042e0000, 0x04360000, 0x04360000)
  to   space 512K,   0% used [0x04260000, 0x04260000, 0x042e0000)
 tenured generation   total 10944K, used 8839K [0x09350000, 0x09e00000, 0x13e00000)
   the space 10944K,  80% used [0x09350000, 0x09bf1fc8, 0x09bf2000, 0x09e00000)
 Metaspace       used 15054K, capacity 15517K, committed 15616K, reserved 15744K
Event: 6.809 GC heap after
Heap after GC invocations=38 (full 1):
 def new generation   total 4992K, used 512K [0x03e00000, 0x04360000, 0x09350000)
  eden space 4480K,   0% used [0x03e00000, 0x03e00000, 0x04260000)
  from space 512K, 100% used [0x04260000, 0x042e0000, 0x042e0000)
  to   space 512K,   0% used [0x042e0000, 0x042e0000, 0x04360000)
 tenured generation   total 10944K, used 10358K [0x09350000, 0x09e00000, 0x13e00000)
   the space 10944K,  94% used [0x09350000, 0x09d6d830, 0x09d6da00, 0x09e00000)
 Metaspace       used 15054K, capacity 15517K, committed 15616K, reserved 15744K
}
Event: 6.845 GC heap before
{Heap before GC invocations=38 (full 1):
 def new generation   total 4992K, used 4992K [0x03e00000, 0x04360000, 0x09350000)
  eden space 4480K, 100% used [0x03e00000, 0x04260000, 0x04260000)
  from space 512K, 100% used [0x04260000, 0x042e0000, 0x042e0000)
  to   space 512K,   0% used [0x042e0000, 0x042e0000, 0x04360000)
 tenured generation   total 10944K, used 10358K [0x09350000, 0x09e00000, 0x13e00000)
   the space 10944K,  94% used [0x09350000, 0x09d6d830, 0x09d6da00, 0x09e00000)
 Metaspace       used 15220K, capacity 15709K, committed 15744K, reserved 15744K
Event: 6.847 GC heap after
Heap after GC invocations=39 (full 1):
 def new generation   total 4992K, used 317K [0x03e00000, 0x04360000, 0x09350000)
  eden space 4480K,   0% used [0x03e00000, 0x03e00000, 0x04260000)
  from space 512K,  61% used [0x042e0000, 0x0432f558, 0x04360000)
  to   space 512K,   0% used [0x04260000, 0x04260000, 0x042e0000)
 tenured generation   total 10944K, used 10869K [0x09350000, 0x09e00000, 0x13e00000)
   the space 10944K,  99% used [0x09350000, 0x09ded480, 0x09ded600, 0x09e00000)
 Metaspace       used 15220K, capacity 15709K, committed 15744K, reserved 15744K
}
Event: 6.882 GC heap before
{Heap before GC invocations=39 (full 1):
 def new generation   total 4992K, used 4797K [0x03e00000, 0x04360000, 0x09350000)
  eden space 4480K, 100% used [0x03e00000, 0x04260000, 0x04260000)
  from space 512K,  61% used [0x042e0000, 0x0432f558, 0x04360000)
  to   space 512K,   0% used [0x04260000, 0x04260000, 0x042e0000)
 tenured generation   total 10944K, used 10869K [0x09350000, 0x09e00000, 0x13e00000)
   the space 10944K,  99% used [0x09350000, 0x09ded480, 0x09ded600, 0x09e00000)
 Metaspace       used 15265K, capacity 15741K, committed 15872K, reserved 16768K
Event: 6.884 GC heap after
Heap after GC invocations=40 (full 1):
 def new generation   total 4992K, used 386K [0x03e00000, 0x04360000, 0x09350000)
  eden space 4480K,   0% used [0x03e00000, 0x03e00000, 0x04260000)
  from space 512K,  75% used [0x04260000, 0x042c0ad8, 0x042e0000)
  to   space 512K,   0% used [0x042e0000, 0x042e0000, 0x04360000)
 tenured generation   total 10944K, used 10914K [0x09350000, 0x09e00000, 0x13e00000)
   the space 10944K,  99% used [0x09350000, 0x09df8858, 0x09df8a00, 0x09e00000)
 Metaspace       used 15265K, capacity 15741K, committed 15872K, reserved 16768K
}
Event: 7.006 GC heap before
{Heap before GC invocations=40 (full 1):
 def new generation   total 4992K, used 4866K [0x03e00000, 0x04360000, 0x09350000)
  eden space 4480K, 100% used [0x03e00000, 0x04260000, 0x04260000)
  from space 512K,  75% used [0x04260000, 0x042c0ad8, 0x042e0000)
  to   space 512K,   0% used [0x042e0000, 0x042e0000, 0x04360000)
 tenured generation   total 10944K, used 10914K [0x09350000, 0x09e00000, 0x13e00000)
   the space 10944K,  99% used [0x09350000, 0x09df8858, 0x09df8a00, 0x09e00000)
 Metaspace       used 15265K, capacity 15741K, committed 15872K, reserved 16768K

