# JRE version: Java(TM) SE Runtime Environment (8.0_161-b12) (build 1.8.0_161-b12)
# Java VM: Java HotSpot(TM) Client VM (25.161-b12 mixed mode, sharing windows-x86 )
Heap:
 def new generation   total 78656K, used 78656K [0x03a00000, 0x08f50000, 0x08f50000)
  eden space 69952K, 100% used [0x03a00000, 0x07e50000, 0x07e50000)
  from space 8704K, 100% used [0x086d0000, 0x08f50000, 0x08f50000)
  to   space 8704K,   0% used [0x07e50000, 0x07e50000, 0x086d0000)
 tenured generation   total 174784K, used 174784K [0x08f50000, 0x13a00000, 0x13a00000)
   the space 174784K, 100% used [0x08f50000, 0x13a00000, 0x13a00000, 0x13a00000)
 Metaspace       used 826K, capacity 2782K, committed 2880K, reserved 4480K
GC Heap History (10 events):
Event: 33.849 GC heap after
Heap after GC invocations=36 (full 25):
 def new generation   total 78656K, used 78655K [0x03a00000, 0x08f50000, 0x08f50000)
  eden space 69952K, 100% used [0x03a00000, 0x07e50000, 0x07e50000)
  from space 8704K,  99% used [0x086d0000, 0x08f4ffa8, 0x08f50000)
  to   space 8704K,   0% used [0x07e50000, 0x07e50000, 0x086d0000)
 tenured generation   total 174784K, used 174784K [0x08f50000, 0x13a00000, 0x13a00000)
   the space 174784K, 100% used [0x08f50000, 0x13a00000, 0x13a00000, 0x13a00000)
 Metaspace       used 826K, capacity 2782K, committed 2880K, reserved 4480K
}
Event: 33.849 GC heap before
{Heap before GC invocations=36 (full 25):
 def new generation   total 78656K, used 78655K [0x03a00000, 0x08f50000, 0x08f50000)
  eden space 69952K, 100% used [0x03a00000, 0x07e50000, 0x07e50000)
  from space 8704K,  99% used [0x086d0000, 0x08f4fff8, 0x08f50000)
  to   space 8704K,   0% used [0x07e50000, 0x07e50000, 0x086d0000)
 tenured generation   total 174784K, used 174784K [0x08f50000, 0x13a00000, 0x13a00000)
   the space 174784K, 100% used [0x08f50000, 0x13a00000, 0x13a00000, 0x13a00000)
 Metaspace       used 826K, capacity 2782K, committed 2880K, reserved 4480K
Event: 35.342 GC heap after
Heap after GC invocations=37 (full 26):
 def new generation   total 78656K, used 78655K [0x03a00000, 0x08f50000, 0x08f50000)
  eden space 69952K, 100% used [0x03a00000, 0x07e50000, 0x07e50000)
  from space 8704K,  99% used [0x086d0000, 0x08f4ffc8, 0x08f50000)
  to   space 8704K,   0% used [0x07e50000, 0x07e50000, 0x086d0000)
 tenured generation   total 174784K, used 174784K [0x08f50000, 0x13a00000, 0x13a00000)
   the space 174784K, 100% used [0x08f50000, 0x13a00000, 0x13a00000, 0x13a00000)
 Metaspace       used 826K, capacity 2782K, committed 2880K, reserved 4480K
}
Event: 35.342 GC heap before
{Heap before GC invocations=37 (full 26):
 def new generation   total 78656K, used 78655K [0x03a00000, 0x08f50000, 0x08f50000)
  eden space 69952K, 100% used [0x03a00000, 0x07e50000, 0x07e50000)
  from space 8704K,  99% used [0x086d0000, 0x08f4ffc8, 0x08f50000)
  to   space 8704K,   0% used [0x07e50000, 0x07e50000, 0x086d0000)
 tenured generation   total 174784K, used 174784K [0x08f50000, 0x13a00000, 0x13a00000)
   the space 174784K, 100% used [0x08f50000, 0x13a00000, 0x13a00000, 0x13a00000)
 Metaspace       used 826K, capacity 2782K, committed 2880K, reserved 4480K
Event: 36.992 GC heap after
Heap after GC invocations=38 (full 27):
 def new generation   total 78656K, used 78655K [0x03a00000, 0x08f50000, 0x08f50000)
  eden space 69952K,  99% used [0x03a00000, 0x07e4ffe8, 0x07e50000)
  from space 8704K,  99% used [0x086d0000, 0x08f4ffc8, 0x08f50000)
  to   space 8704K,   0% used [0x07e50000, 0x07e50000, 0x086d0000)
 tenured generation   total 174784K, used 174783K [0x08f50000, 0x13a00000, 0x13a00000)
   the space 174784K,  99% used [0x08f50000, 0x139ffff8, 0x13a00000, 0x13a00000)
 Metaspace       used 826K, capacity 2782K, committed 2880K, reserved 4480K
}
Event: 36.993 GC heap before
{Heap before GC invocations=38 (full 27):
 def new generation   total 78656K, used 78655K [0x03a00000, 0x08f50000, 0x08f50000)
  eden space 69952K,  99% used [0x03a00000, 0x07e4fff8, 0x07e50000)
  from space 8704K,  99% used [0x086d0000, 0x08f4fff8, 0x08f50000)
  to   space 8704K,   0% used [0x07e50000, 0x07e50000, 0x086d0000)
 tenured generation   total 174784K, used 174783K [0x08f50000, 0x13a00000, 0x13a00000)
   the space 174784K,  99% used [0x08f50000, 0x139ffff8, 0x13a00000, 0x13a00000)
 Metaspace       used 826K, capacity 2782K, committed 2880K, reserved 4480K
Event: 38.675 GC heap after
Heap after GC invocations=39 (full 28):
 def new generation   total 78656K, used 78654K [0x03a00000, 0x08f50000, 0x08f50000)
  eden space 69952K, 100% used [0x03a00000, 0x07e50000, 0x07e50000)
  from space 8704K,  99% used [0x086d0000, 0x08f4fb50, 0x08f50000)
  to   space 8704K,   0% used [0x07e50000, 0x07e50000, 0x086d0000)
 tenured generation   total 174784K, used 174783K [0x08f50000, 0x13a00000, 0x13a00000)
   the space 174784K,  99% used [0x08f50000, 0x139ffff0, 0x13a00000, 0x13a00000)
 Metaspace       used 826K, capacity 2782K, committed 2880K, reserved 4480K
}
Event: 38.681 GC heap before
{Heap before GC invocations=39 (full 28):
 def new generation   total 78656K, used 78656K [0x03a00000, 0x08f50000, 0x08f50000)
  eden space 69952K, 100% used [0x03a00000, 0x07e50000, 0x07e50000)
  from space 8704K, 100% used [0x086d0000, 0x08f50000, 0x08f50000)
  to   space 8704K,   0% used [0x07e50000, 0x07e50000, 0x086d0000)
 tenured generation   total 174784K, used 174784K [0x08f50000, 0x13a00000, 0x13a00000)
   the space 174784K, 100% used [0x08f50000, 0x13a00000, 0x13a00000, 0x13a00000)
 Metaspace       used 826K, capacity 2782K, committed 2880K, reserved 4480K
Event: 40.161 GC heap after
Heap after GC invocations=40 (full 29):
 def new generation   total 78656K, used 78655K [0x03a00000, 0x08f50000, 0x08f50000)
  eden space 69952K, 100% used [0x03a00000, 0x07e50000, 0x07e50000)
  from space 8704K,  99% used [0x086d0000, 0x08f4fc80, 0x08f50000)
  to   space 8704K,   0% used [0x07e50000, 0x07e50000, 0x086d0000)
 tenured generation   total 174784K, used 174784K [0x08f50000, 0x13a00000, 0x13a00000)
   the space 174784K, 100% used [0x08f50000, 0x13a00000, 0x13a00000, 0x13a00000)
 Metaspace       used 826K, capacity 2782K, committed 2880K, reserved 4480K
}
Event: 40.161 GC heap before
{Heap before GC invocations=40 (full 29):
 def new generation   total 78656K, used 78656K [0x03a00000, 0x08f50000, 0x08f50000)
  eden space 69952K, 100% used [0x03a00000, 0x07e50000, 0x07e50000)
  from space 8704K, 100% used [0x086d0000, 0x08f50000, 0x08f50000)
  to   space 8704K,   0% used [0x07e50000, 0x07e50000, 0x086d0000)
 tenured generation   total 174784K, used 174784K [0x08f50000, 0x13a00000, 0x13a00000)
   the space 174784K, 100% used [0x08f50000, 0x13a00000, 0x13a00000, 0x13a00000)
 Metaspace       used 826K, capacity 2782K, committed 2880K, reserved 4480K

