# JRE version: Java(TM) SE Runtime Environment (8.0_161-b12) (build 1.8.0_161-b12)
# Java VM: Java HotSpot(TM) Client VM (25.161-b12 mixed mode, sharing windows-x86 )
Heap:
 def new generation   total 78656K, used 78655K [0x03c00000, 0x09150000, 0x09150000)
  eden space 69952K, 100% used [0x03c00000, 0x08050000, 0x08050000)
  from space 8704K,  99% used [0x08050000, 0x088cffc8, 0x088d0000)
  to   space 8704K,   0% used [0x088d0000, 0x088d0000, 0x09150000)
 tenured generation   total 174784K, used 174783K [0x09150000, 0x13c00000, 0x13c00000)
   the space 174784K,  99% used [0x09150000, 0x13bffff0, 0x13c00000, 0x13c00000)
 Metaspace       used 630K, capacity 2526K, committed 2624K, reserved 4480K
GC Heap History (10 events):
Event: 37.909 GC heap after
Heap after GC invocations=37 (full 29):
 def new generation   total 78656K, used 78654K [0x03c00000, 0x09150000, 0x09150000)
  eden space 69952K, 100% used [0x03c00000, 0x08050000, 0x08050000)
  from space 8704K,  99% used [0x08050000, 0x088cfa58, 0x088d0000)
  to   space 8704K,   0% used [0x088d0000, 0x088d0000, 0x09150000)
 tenured generation   total 174784K, used 174783K [0x09150000, 0x13c00000, 0x13c00000)
   the space 174784K,  99% used [0x09150000, 0x13bffff0, 0x13c00000, 0x13c00000)
 Metaspace       used 628K, capacity 2526K, committed 2624K, reserved 4480K
}
Event: 37.909 GC heap before
{Heap before GC invocations=37 (full 29):
 def new generation   total 78656K, used 78655K [0x03c00000, 0x09150000, 0x09150000)
  eden space 69952K, 100% used [0x03c00000, 0x08050000, 0x08050000)
  from space 8704K,  99% used [0x08050000, 0x088cffd8, 0x088d0000)
  to   space 8704K,   0% used [0x088d0000, 0x088d0000, 0x09150000)
 tenured generation   total 174784K, used 174783K [0x09150000, 0x13c00000, 0x13c00000)
   the space 174784K,  99% used [0x09150000, 0x13bffff0, 0x13c00000, 0x13c00000)
 Metaspace       used 628K, capacity 2526K, committed 2624K, reserved 4480K
Event: 38.942 GC heap after
Heap after GC invocations=38 (full 30):
 def new generation   total 78656K, used 78654K [0x03c00000, 0x09150000, 0x09150000)
  eden space 69952K, 100% used [0x03c00000, 0x08050000, 0x08050000)
  from space 8704K,  99% used [0x08050000, 0x088cf9f0, 0x088d0000)
  to   space 8704K,   0% used [0x088d0000, 0x088d0000, 0x09150000)
 tenured generation   total 174784K, used 174783K [0x09150000, 0x13c00000, 0x13c00000)
   the space 174784K,  99% used [0x09150000, 0x13bffff0, 0x13c00000, 0x13c00000)
 Metaspace       used 628K, capacity 2526K, committed 2624K, reserved 4480K
}
Event: 38.942 GC heap before
{Heap before GC invocations=38 (full 30):
 def new generation   total 78656K, used 78656K [0x03c00000, 0x09150000, 0x09150000)
  eden space 69952K, 100% used [0x03c00000, 0x08050000, 0x08050000)
  from space 8704K, 100% used [0x08050000, 0x088d0000, 0x088d0000)
  to   space 8704K,   0% used [0x088d0000, 0x088d0000, 0x09150000)
 tenured generation   total 174784K, used 174783K [0x09150000, 0x13c00000, 0x13c00000)
   the space 174784K,  99% used [0x09150000, 0x13bffff0, 0x13c00000, 0x13c00000)
 Metaspace       used 628K, capacity 2526K, committed 2624K, reserved 4480K
Event: 39.957 GC heap after
Heap after GC invocations=39 (full 31):
 def new generation   total 78656K, used 78654K [0x03c00000, 0x09150000, 0x09150000)
  eden space 69952K, 100% used [0x03c00000, 0x08050000, 0x08050000)
  from space 8704K,  99% used [0x08050000, 0x088cfa08, 0x088d0000)
  to   space 8704K,   0% used [0x088d0000, 0x088d0000, 0x09150000)
 tenured generation   total 174784K, used 174783K [0x09150000, 0x13c00000, 0x13c00000)
   the space 174784K,  99% used [0x09150000, 0x13bffff0, 0x13c00000, 0x13c00000)
 Metaspace       used 628K, capacity 2526K, committed 2624K, reserved 4480K
}
Event: 39.959 GC heap before
{Heap before GC invocations=39 (full 31):
 def new generation   total 78656K, used 78655K [0x03c00000, 0x09150000, 0x09150000)
  eden space 69952K, 100% used [0x03c00000, 0x08050000, 0x08050000)
  from space 8704K,  99% used [0x08050000, 0x088cffe0, 0x088d0000)
  to   space 8704K,   0% used [0x088d0000, 0x088d0000, 0x09150000)
 tenured generation   total 174784K, used 174783K [0x09150000, 0x13c00000, 0x13c00000)
   the space 174784K,  99% used [0x09150000, 0x13bffff0, 0x13c00000, 0x13c00000)
 Metaspace       used 628K, capacity 2526K, committed 2624K, reserved 4480K
Event: 41.205 GC heap after
Heap after GC invocations=40 (full 32):
 def new generation   total 78656K, used 78653K [0x03c00000, 0x09150000, 0x09150000)
  eden space 69952K,  99% used [0x03c00000, 0x0804fff0, 0x08050000)
  from space 8704K,  99% used [0x08050000, 0x088cf458, 0x088d0000)
  to   space 8704K,   0% used [0x088d0000, 0x088d0000, 0x09150000)
 tenured generation   total 174784K, used 174783K [0x09150000, 0x13c00000, 0x13c00000)
   the space 174784K,  99% used [0x09150000, 0x13bffff0, 0x13c00000, 0x13c00000)
 Metaspace       used 628K, capacity 2526K, committed 2624K, reserved 4480K
}
Event: 41.207 GC heap before
{Heap before GC invocations=40 (full 32):
 def new generation   total 78656K, used 78655K [0x03c00000, 0x09150000, 0x09150000)
  eden space 69952K, 100% used [0x03c00000, 0x08050000, 0x08050000)
  from space 8704K,  99% used [0x08050000, 0x088cfff8, 0x088d0000)
  to   space 8704K,   0% used [0x088d0000, 0x088d0000, 0x09150000)
 tenured generation   total 174784K, used 174783K [0x09150000, 0x13c00000, 0x13c00000)
   the space 174784K,  99% used [0x09150000, 0x13bffff0, 0x13c00000, 0x13c00000)
 Metaspace       used 628K, capacity 2526K, committed 2624K, reserved 4480K
Event: 42.213 GC heap after
Heap after GC invocations=41 (full 33):
 def new generation   total 78656K, used 78653K [0x03c00000, 0x09150000, 0x09150000)
  eden space 69952K,  99% used [0x03c00000, 0x0804fff0, 0x08050000)
  from space 8704K,  99% used [0x08050000, 0x088cf500, 0x088d0000)
  to   space 8704K,   0% used [0x088d0000, 0x088d0000, 0x09150000)
 tenured generation   total 174784K, used 174783K [0x09150000, 0x13c00000, 0x13c00000)
   the space 174784K,  99% used [0x09150000, 0x13bffff0, 0x13c00000, 0x13c00000)
 Metaspace       used 628K, capacity 2526K, committed 2624K, reserved 4480K
}
Event: 139.917 GC heap before
{Heap before GC invocations=41 (full 33):
 def new generation   total 78656K, used 78655K [0x03c00000, 0x09150000, 0x09150000)
  eden space 69952K, 100% used [0x03c00000, 0x08050000, 0x08050000)
  from space 8704K,  99% used [0x08050000, 0x088cffc8, 0x088d0000)
  to   space 8704K,   0% used [0x088d0000, 0x088d0000, 0x09150000)
 tenured generation   total 174784K, used 174783K [0x09150000, 0x13c00000, 0x13c00000)
   the space 174784K,  99% used [0x09150000, 0x13bffff0, 0x13c00000, 0x13c00000)
 Metaspace       used 630K, capacity 2526K, committed 2624K, reserved 4480K

